<?xml version="1.0" encoding="UTF-8"?>
<!-- Generated by org.testng.reporters.JUnitReportReporter -->
<testsuite skipped="0" hostname="AKKYU01-5520" name="TestNG.GoogleTest" tests="1" failures="0" timestamp="20 Aug 2018 09:12:37 GMT" time="7.433" errors="0">
  <testcase name="getTitle" time="7.433" classname="TestNG.GoogleTest"/>
</testsuite> <!-- TestNG.GoogleTest -->
