<?xml version="1.0" encoding="UTF-8"?>
<!-- Generated by org.testng.reporters.JUnitReportReporter -->
<testsuite skipped="0" hostname="AKKYU01-5520" name="TestNG.TestNGBasics" tests="5" failures="0" timestamp="20 Aug 2018 09:12:37 GMT" time="0.028" errors="1">
  <testcase name="getPageTitle" time="0.002" classname="TestNG.TestNGBasics"/>
  <testcase name="foolgeLogo" time="0.010" classname="TestNG.TestNGBasics">
    <error type="org.testng.internal.thread.ThreadTimeoutException" message="Method TestNG.TestNGBasics.foolgeLogo() didn&#039;t finish within the time-out 2">
      <![CDATA[org.testng.internal.thread.ThreadTimeoutException: Method TestNG.TestNGBasics.foolgeLogo() didn't finish within the time-out 2
at java.io.FileOutputStream.writeBytes(Native Method)
at java.io.FileOutputStream.write(Unknown Source)
at java.io.BufferedOutputStream.flushBuffer(Unknown Source)
at java.io.BufferedOutputStream.flush(Unknown Source)
at java.io.PrintStream.write(Unknown Source)
at sun.nio.cs.StreamEncoder.writeBytes(Unknown Source)
at sun.nio.cs.StreamEncoder.implFlushBuffer(Unknown Source)
at sun.nio.cs.StreamEncoder.flushBuffer(Unknown Source)
at java.io.OutputStreamWriter.flushBuffer(Unknown Source)
at java.io.PrintStream.newLine(Unknown Source)
at java.io.PrintStream.println(Unknown Source)
at TestNG.TestNGBasics.foolgeLogo(TestNGBasics.java:59)
at sun.reflect.NativeMethodAccessorImpl.invoke0(Native Method)
at sun.reflect.NativeMethodAccessorImpl.invoke(Unknown Source)
at sun.reflect.DelegatingMethodAccessorImpl.invoke(Unknown Source)
at java.lang.reflect.Method.invoke(Unknown Source)
at org.testng.internal.MethodInvocationHelper.invokeMethod(MethodInvocationHelper.java:124)
at org.testng.internal.InvokeMethodRunnable.runOne(InvokeMethodRunnable.java:54)
at org.testng.internal.InvokeMethodRunnable.run(InvokeMethodRunnable.java:40)
at java.util.concurrent.Executors$RunnableAdapter.call(Unknown Source)
at java.util.concurrent.FutureTask.run(Unknown Source)
at java.util.concurrent.ThreadPoolExecutor.runWorker(Unknown Source)
at java.util.concurrent.ThreadPoolExecutor$Worker.run(Unknown Source)
at java.lang.Thread.run(Unknown Source)
]]>
    </error>
  </testcase> <!-- foolgeLogo -->
  <testcase name="googleSerch" time="0.004" classname="TestNG.TestNGBasics"/>
  <testcase name="googleSerch" time="0.006" classname="TestNG.TestNGBasics"/>
  <testcase name="googleSerch" time="0.006" classname="TestNG.TestNGBasics"/>
</testsuite> <!-- TestNG.TestNGBasics -->
