<?xml version="1.0" encoding="UTF-8"?>
<!-- Generated by org.testng.reporters.JUnitReportReporter -->
<testsuite skipped="0" hostname="AKKYU01-5520" name="TestNGConcepts.TestNGBasics" tests="4" failures="0" timestamp="14 Sep 2018 16:12:30 GMT" time="0.018" errors="1">
  <testcase name="getPageTitle" time="0.004" classname="TestNGConcepts.TestNGBasics"/>
  <testcase name="getPageTitle" time="0.002" classname="TestNGConcepts.TestNGBasics"/>
  <testcase name="goolgeLogo" time="0.010" classname="TestNGConcepts.TestNGBasics">
    <error type="org.testng.internal.thread.ThreadTimeoutException" message="Method TestNGConcepts.TestNGBasics.goolgeLogo() didn&#039;t finish within the time-out 1">
      <![CDATA[org.testng.internal.thread.ThreadTimeoutException: Method TestNGConcepts.TestNGBasics.goolgeLogo() didn't finish within the time-out 1
at java.lang.Thread.interrupt(Unknown Source)
at org.testng.internal.InvokeMethodRunnable.runOne(InvokeMethodRunnable.java:64)
at org.testng.internal.InvokeMethodRunnable.run(InvokeMethodRunnable.java:40)
at java.util.concurrent.Executors$RunnableAdapter.call(Unknown Source)
at java.util.concurrent.FutureTask.run(Unknown Source)
at java.util.concurrent.ThreadPoolExecutor.runWorker(Unknown Source)
at java.util.concurrent.ThreadPoolExecutor$Worker.run(Unknown Source)
at java.lang.Thread.run(Unknown Source)
]]>
    </error>
  </testcase> <!-- goolgeLogo -->
  <testcase name="googleSerch" time="0.002" classname="TestNGConcepts.TestNGBasics"/>
</testsuite> <!-- TestNGConcepts.TestNGBasics -->
